
> veraotvgazeta@0.1.0 build
> next build

warn  - You have enabled experimental feature (forceSwcTransforms) in next.config.js.
warn  - Experimental features are not covered by semver, and may cause unexpected or broken application behavior. Use at your own risk.

info  - Linting and checking validity of types...
info  - Creating an optimized production build...
info  - Using wasm build of next-swc
warn  - Attempted to load @next/swc-darwin-x64, but an error occurred: dlopen(/Users/imaccarlos/Documents/GitHub/veraotvgazeta/node_modules/@next/swc-darwin-x64/next-swc.darwin-x64.node, 1): no suitable image found.  Did find:
	/Users/imaccarlos/Documents/GitHub/veraotvgazeta/node_modules/@next/swc-darwin-x64/next-swc.darwin-x64.node: cannot load 'next-swc.darwin-x64.node' (load command 0x80000034 is unknown)
	/Users/imaccarlos/Documents/GitHub/veraotvgazeta/node_modules/@next/swc-darwin-x64/next-swc.darwin-x64.node: cannot load 'next-swc.darwin-x64.node' (load command 0x80000034 is unknown)
warn  - The @next/font/google font Montserrat has no selected subsets. Please specify subsets in the function call or in your next.config.js, otherwise no fonts will be preloaded. Read more: https://nextjs.org/docs/messages/google-fonts-missing-subsets
info  - Compiled successfully
info  - Collecting page data...
info  - Generating static pages (0/3)
info  - Generating static pages (3/3)
info  - Finalizing page optimization...

Route (pages)                              Size     First Load JS
┌ ○ /                                      8.43 kB        82.2 kB
├   └ css/5231a60bd0c3f157.css             1.79 kB
├   /_app                                  0 B            73.7 kB
├ ○ /404                                   181 B          73.9 kB
└ λ /api/hello                             0 B            73.7 kB
+ First Load JS shared by all              74.6 kB
  ├ chunks/framework-114634acb84f8baa.js   45.4 kB
  ├ chunks/main-010ff0b6bbe5ac8f.js        27.1 kB
  ├ chunks/pages/_app-07b2e75e0c45c8fe.js  506 B
  ├ chunks/webpack-8fa1640cc84ba8fe.js     750 B
  └ css/3efe82ffbcffe48e.css               881 B

λ  (Server)  server-side renders at runtime (uses getInitialProps or getServerSideProps)
○  (Static)  automatically rendered as static HTML (uses no initial props)

